TN:
SF:funcionalidad.js
FN:7,init
FN:28,(anonymous_1)
FN:31,(anonymous_2)
FN:34,(anonymous_3)
FN:37,(anonymous_4)
FN:40,(anonymous_5)
FN:43,(anonymous_6)
FN:46,(anonymous_7)
FN:49,(anonymous_8)
FN:52,(anonymous_9)
FN:55,(anonymous_10)
FN:58,(anonymous_11)
FN:62,(anonymous_12)
FN:67,(anonymous_13)
FN:72,(anonymous_14)
FN:77,(anonymous_15)
FN:82,(anonymous_16)
FN:89,limpiar
FN:93,resetear
FN:100,resolver
FNF:20
FNH:20
FNDA:1,init
FNDA:1,(anonymous_1)
FNDA:1,(anonymous_2)
FNDA:1,(anonymous_3)
FNDA:1,(anonymous_4)
FNDA:9,(anonymous_5)
FNDA:1,(anonymous_6)
FNDA:1,(anonymous_7)
FNDA:1,(anonymous_8)
FNDA:5,(anonymous_9)
FNDA:13,(anonymous_10)
FNDA:1,(anonymous_11)
FNDA:3,(anonymous_12)
FNDA:3,(anonymous_13)
FNDA:3,(anonymous_14)
FNDA:3,(anonymous_15)
FNDA:12,(anonymous_16)
FNDA:24,limpiar
FNDA:27,resetear
FNDA:13,resolver
DA:9,1
DA:10,1
DA:11,1
DA:12,1
DA:13,1
DA:14,1
DA:15,1
DA:16,1
DA:17,1
DA:18,1
DA:19,1
DA:20,1
DA:21,1
DA:22,1
DA:23,1
DA:24,1
DA:25,1
DA:28,1
DA:29,1
DA:31,1
DA:32,1
DA:34,1
DA:35,1
DA:37,1
DA:38,1
DA:40,1
DA:41,9
DA:43,1
DA:44,1
DA:46,1
DA:47,1
DA:49,1
DA:50,1
DA:52,1
DA:53,5
DA:55,1
DA:56,13
DA:58,1
DA:59,1
DA:62,1
DA:63,3
DA:64,3
DA:65,3
DA:67,1
DA:68,3
DA:69,3
DA:70,3
DA:72,1
DA:73,3
DA:74,3
DA:75,3
DA:77,1
DA:78,3
DA:79,3
DA:80,3
DA:82,1
DA:83,12
DA:84,12
DA:90,24
DA:94,27
DA:95,27
DA:96,27
DA:97,27
DA:101,13
DA:102,13
DA:104,3
DA:105,3
DA:107,3
DA:108,3
DA:110,3
DA:111,3
DA:113,3
DA:114,3
DA:116,13
DA:117,13
DA:119,1
LF:76
LH:76
BRDA:102,0,0,3
BRDA:102,0,1,3
BRDA:102,0,2,3
BRDA:102,0,3,3
BRF:4
BRH:4
end_of_record
